<?xml version="1.0" encoding="UTF-8"?>
<testng-results ignored="0" total="1" passed="1" failed="0" skipped="0">
  <reporter-output>
  </reporter-output>
  <suite started-at="2023-08-09T02:04:37 IST" name="Default suite" finished-at="2023-08-09T02:05:17 IST" duration-ms="39793">
    <groups>
    </groups>
    <test started-at="2023-08-09T02:04:37 IST" name="Default test" finished-at="2023-08-09T02:05:17 IST" duration-ms="39793">
      <class name="org.runner.Run">
        <test-method is-config="true" signature="test1()[pri:0, instance:org.runner.Run@f5ac9e4]" started-at="2023-08-09T02:04:37 IST" name="test1" finished-at="2023-08-09T02:04:37 IST" duration-ms="318" status="PASS">
          <reporter-output>
          </reporter-output>
        </test-method> <!-- test1 -->
        <test-method signature="test2()[pri:0, instance:org.runner.Run@f5ac9e4]" started-at="2023-08-09T02:04:37 IST" name="test2" finished-at="2023-08-09T02:05:17 IST" duration-ms="39768" status="PASS">
          <reporter-output>
          </reporter-output>
        </test-method> <!-- test2 -->
        <test-method is-config="true" signature="test21()[pri:0, instance:org.runner.Run@f5ac9e4]" started-at="2023-08-09T02:05:17 IST" name="test21" finished-at="2023-08-09T02:05:17 IST" duration-ms="69" status="PASS">
          <reporter-output>
          </reporter-output>
        </test-method> <!-- test21 -->
      </class> <!-- org.runner.Run -->
    </test> <!-- Default test -->
  </suite> <!-- Default suite -->
</testng-results>
